<?xml version="1.0" encoding="UTF-8"?>
<testsuite xmlns:xsi="http://www.w3.org/2001/XMLSchema-instance" xsi:noNamespaceSchemaLocation="https://maven.apache.org/surefire/maven-surefire-plugin/xsd/surefire-test-report.xsd" name="ThreeCardLogicTest" time="0.011" tests="32" errors="0" skipped="0" failures="0">
  <properties>
[...]
</properties>
  <testcase name="ThreeOfAKindTest2" classname="ThreeCardLogicTest" time="0"/>
  <testcase name="StraightTest" classname="ThreeCardLogicTest" time="0"/>
  <testcase name="StraightTest2" classname="ThreeCardLogicTest" time="0"/>
  <testcase name="StraightTest3" classname="ThreeCardLogicTest" time="0"/>
  <testcase name="testingPairPlusBet" classname="ThreeCardLogicTest" time="0"/>
  <testcase name="evalPPWinningsTest" classname="ThreeCardLogicTest" time="0"/>
  <testcase name="HighCardTest" classname="ThreeCardLogicTest" time="0"/>
  <testcase name="HighCardTest2" classname="ThreeCardLogicTest" time="0"/>
  <testcase name="evalPPWinningsTest2" classname="ThreeCardLogicTest" time="0"/>
  <testcase name="evalPPWinningsTest3" classname="ThreeCardLogicTest" time="0"/>
  <testcase name="evalPPWinningsTest4" classname="ThreeCardLogicTest" time="0"/>
  <testcase name="evalPPWinningsTest5" classname="ThreeCardLogicTest" time="0"/>
  <testcase name="evalPPWinningsTest6" classname="ThreeCardLogicTest" time="0"/>
  <testcase name="testingSetTotalWinnings2" classname="ThreeCardLogicTest" time="0"/>
  <testcase name="ThreeOfAKindTest" classname="ThreeCardLogicTest" time="0"/>
  <testcase name="evalCompareHandsTest2" classname="ThreeCardLogicTest" time="0"/>
  <testcase name="evalCompareHandsTest3" classname="ThreeCardLogicTest" time="0"/>
  <testcase name="evalCompareHandsTest4" classname="ThreeCardLogicTest" time="0"/>
  <testcase name="evalCompareHandsTest5" classname="ThreeCardLogicTest" time="0.001"/>
  <testcase name="evalCompareHandsTest6" classname="ThreeCardLogicTest" time="0"/>
  <testcase name="PairTest2" classname="ThreeCardLogicTest" time="0"/>
  <testcase name="PairTest3" classname="ThreeCardLogicTest" time="0.001"/>
  <testcase name="PairTest" classname="ThreeCardLogicTest" time="0"/>
  <testcase name="testingAnteBet" classname="ThreeCardLogicTest" time="0"/>
  <testcase name="StraightFlushTest2" classname="ThreeCardLogicTest" time="0"/>
  <testcase name="StraightFlushTest3" classname="ThreeCardLogicTest" time="0"/>
  <testcase name="evalCompareHandsTest" classname="ThreeCardLogicTest" time="0.001"/>
  <testcase name="FlushTest2" classname="ThreeCardLogicTest" time="0"/>
  <testcase name="FlushTest" classname="ThreeCardLogicTest" time="0"/>
  <testcase name="testingPlayBet" classname="ThreeCardLogicTest" time="0.001"/>
  <testcase name="StraightFlushTest" classname="ThreeCardLogicTest" time="0"/>
  <testcase name="testingSetTotalWinnings" classname="ThreeCardLogicTest" time="0"/>
</testsuite>